2023-04-18 18:54:40,010 [Worker-6: Loading available Gradle versions] INFO  o.e.b.c.i.u.g.PublishedGradleVersions - Gradle version information cache is out-of-date. Trying to update.
2023-04-18 18:57:13,499 [Worker-16: Update Maven projects configuration] INFO  o.e.m.c.i.p.ProjectConfigurationManager - Update started
2023-04-18 18:57:15,367 [Worker-16: Update Maven projects configuration] INFO  o.e.m.c.i.l.LifecycleMappingFactory - Using org.eclipse.m2e.jdt.JarLifecycleMapping lifecycle mapping for MavenProject: com.latam.alura.tienda:tienda:0.0.1-SNAPSHOT @ D:\alura\java-jpa-avansado-tienda\JPA-con-hibernate-Alura--stage-final\tienda\pom.xml.
2023-04-18 18:57:16,808 [Worker-16: Update Maven projects configuration] INFO  o.e.m.j.i.AbstractJavaProjectConfigurator - Adding source folder /tienda/src/main/java
2023-04-18 18:57:16,810 [Worker-16: Update Maven projects configuration] INFO  o.e.m.j.i.AbstractJavaProjectConfigurator - Adding resource folder /tienda/src/main/resources
2023-04-18 18:57:16,814 [Worker-16: Update Maven projects configuration] INFO  o.e.m.j.i.AbstractJavaProjectConfigurator - Adding source folder /tienda/src/test/java
2023-04-18 18:57:18,306 [Worker-16: Update Maven projects configuration] INFO  o.e.m.c.i.p.ProjectConfigurationManager - Update completed for 1 poms: local refresh takes 0,00 sec, refresh facades takes 2,00 sec, update config takes 2,00 sec 
2023-04-18 18:57:19,243 [Worker-15: Building] WARN  o.e.m.c.i.embedder.EclipseLogger - Using platform encoding (UTF-8 actually) to copy filtered resources, i.e. build is platform dependent!
2023-04-18 18:57:19,253 [Worker-15: Building] INFO  o.e.m.c.i.embedder.EclipseLogger - Copying 1 resource
2023-04-18 18:57:19,273 [Worker-15: Building] WARN  o.e.m.c.i.embedder.EclipseLogger - Using platform encoding (UTF-8 actually) to copy filtered resources, i.e. build is platform dependent!
2023-04-18 18:57:19,274 [Worker-15: Building] INFO  o.e.m.c.i.embedder.EclipseLogger - skip non existing resourceDirectory D:\alura\java-jpa-avansado-tienda\JPA-con-hibernate-Alura--stage-final\tienda\src\test\resources
2023-04-19 15:21:46,681 [Worker-1: Loading available Gradle versions] INFO  o.e.b.c.i.u.g.PublishedGradleVersions - Gradle version information cache is up-to-date. Trying to read.
2023-04-19 15:22:41,327 [Worker-2: Building] WARN  o.e.m.c.i.embedder.EclipseLogger - Using platform encoding (UTF-8 actually) to copy filtered resources, i.e. build is platform dependent!
2023-04-19 15:22:41,361 [Worker-2: Building] INFO  o.e.m.c.i.embedder.EclipseLogger - Copying 1 resource
2023-04-19 15:22:41,403 [Worker-2: Building] WARN  o.e.m.c.i.embedder.EclipseLogger - Using platform encoding (UTF-8 actually) to copy filtered resources, i.e. build is platform dependent!
2023-04-19 15:22:41,405 [Worker-2: Building] INFO  o.e.m.c.i.embedder.EclipseLogger - skip non existing resourceDirectory D:\alura\java-jpa-avansado-tienda\JPA-con-hibernate-Alura--stage-final\tienda\src\test\resources
2023-04-19 15:33:27,979 [Worker-6: Building] WARN  o.e.m.c.i.embedder.EclipseLogger - Using platform encoding (UTF-8 actually) to copy filtered resources, i.e. build is platform dependent!
2023-04-19 15:33:27,985 [Worker-6: Building] INFO  o.e.m.c.i.embedder.EclipseLogger - Copying 1 resource
2023-04-19 15:33:27,995 [Worker-6: Building] WARN  o.e.m.c.i.embedder.EclipseLogger - Using platform encoding (UTF-8 actually) to copy filtered resources, i.e. build is platform dependent!
2023-04-19 15:33:27,997 [Worker-6: Building] INFO  o.e.m.c.i.embedder.EclipseLogger - skip non existing resourceDirectory D:\alura\java-jpa-avansado-tienda\JPA-con-hibernate-Alura--stage-final\tienda\src\test\resources
2023-04-19 15:42:10,387 [Worker-9: Building] WARN  o.e.m.c.i.embedder.EclipseLogger - Using platform encoding (UTF-8 actually) to copy filtered resources, i.e. build is platform dependent!
2023-04-19 15:42:10,401 [Worker-9: Building] INFO  o.e.m.c.i.embedder.EclipseLogger - Copying 1 resource
2023-04-19 15:42:10,407 [Worker-9: Building] WARN  o.e.m.c.i.embedder.EclipseLogger - Using platform encoding (UTF-8 actually) to copy filtered resources, i.e. build is platform dependent!
2023-04-19 15:42:10,409 [Worker-9: Building] INFO  o.e.m.c.i.embedder.EclipseLogger - skip non existing resourceDirectory D:\alura\java-jpa-avansado-tienda\JPA-con-hibernate-Alura--stage-final\tienda\src\test\resources
2023-04-19 15:44:15,418 [Worker-22: Building] WARN  o.e.m.c.i.embedder.EclipseLogger - Using platform encoding (UTF-8 actually) to copy filtered resources, i.e. build is platform dependent!
2023-04-19 15:44:15,420 [Worker-22: Building] INFO  o.e.m.c.i.embedder.EclipseLogger - Copying 1 resource
2023-04-19 15:44:15,425 [Worker-22: Building] WARN  o.e.m.c.i.embedder.EclipseLogger - Using platform encoding (UTF-8 actually) to copy filtered resources, i.e. build is platform dependent!
2023-04-19 15:44:15,427 [Worker-22: Building] INFO  o.e.m.c.i.embedder.EclipseLogger - skip non existing resourceDirectory D:\alura\java-jpa-avansado-tienda\JPA-con-hibernate-Alura--stage-final\tienda\src\test\resources
2023-04-19 15:46:18,747 [Worker-22: Building] WARN  o.e.m.c.i.embedder.EclipseLogger - Using platform encoding (UTF-8 actually) to copy filtered resources, i.e. build is platform dependent!
2023-04-19 15:46:18,752 [Worker-22: Building] INFO  o.e.m.c.i.embedder.EclipseLogger - Copying 1 resource
2023-04-19 15:46:18,757 [Worker-22: Building] WARN  o.e.m.c.i.embedder.EclipseLogger - Using platform encoding (UTF-8 actually) to copy filtered resources, i.e. build is platform dependent!
2023-04-19 15:46:18,758 [Worker-22: Building] INFO  o.e.m.c.i.embedder.EclipseLogger - skip non existing resourceDirectory D:\alura\java-jpa-avansado-tienda\JPA-con-hibernate-Alura--stage-final\tienda\src\test\resources
2023-04-19 15:46:35,203 [Worker-23: Building] WARN  o.e.m.c.i.embedder.EclipseLogger - Using platform encoding (UTF-8 actually) to copy filtered resources, i.e. build is platform dependent!
2023-04-19 15:46:35,205 [Worker-23: Building] INFO  o.e.m.c.i.embedder.EclipseLogger - Copying 1 resource
2023-04-19 15:46:35,209 [Worker-23: Building] WARN  o.e.m.c.i.embedder.EclipseLogger - Using platform encoding (UTF-8 actually) to copy filtered resources, i.e. build is platform dependent!
2023-04-19 15:46:35,210 [Worker-23: Building] INFO  o.e.m.c.i.embedder.EclipseLogger - skip non existing resourceDirectory D:\alura\java-jpa-avansado-tienda\JPA-con-hibernate-Alura--stage-final\tienda\src\test\resources
2023-04-19 15:53:06,743 [Worker-23: Building] WARN  o.e.m.c.i.embedder.EclipseLogger - Using platform encoding (UTF-8 actually) to copy filtered resources, i.e. build is platform dependent!
2023-04-19 15:53:06,749 [Worker-23: Building] INFO  o.e.m.c.i.embedder.EclipseLogger - Copying 1 resource
2023-04-19 15:53:06,756 [Worker-23: Building] WARN  o.e.m.c.i.embedder.EclipseLogger - Using platform encoding (UTF-8 actually) to copy filtered resources, i.e. build is platform dependent!
2023-04-19 15:53:06,758 [Worker-23: Building] INFO  o.e.m.c.i.embedder.EclipseLogger - skip non existing resourceDirectory D:\alura\java-jpa-avansado-tienda\JPA-con-hibernate-Alura--stage-final\tienda\src\test\resources
2023-04-19 16:00:26,760 [Worker-21: Building] WARN  o.e.m.c.i.embedder.EclipseLogger - Using platform encoding (UTF-8 actually) to copy filtered resources, i.e. build is platform dependent!
2023-04-19 16:00:26,765 [Worker-21: Building] INFO  o.e.m.c.i.embedder.EclipseLogger - Copying 1 resource
2023-04-19 16:00:26,772 [Worker-21: Building] WARN  o.e.m.c.i.embedder.EclipseLogger - Using platform encoding (UTF-8 actually) to copy filtered resources, i.e. build is platform dependent!
2023-04-19 16:00:26,773 [Worker-21: Building] INFO  o.e.m.c.i.embedder.EclipseLogger - skip non existing resourceDirectory D:\alura\java-jpa-avansado-tienda\JPA-con-hibernate-Alura--stage-final\tienda\src\test\resources
2023-04-19 16:08:10,158 [Worker-31: Building] WARN  o.e.m.c.i.embedder.EclipseLogger - Using platform encoding (UTF-8 actually) to copy filtered resources, i.e. build is platform dependent!
2023-04-19 16:08:10,161 [Worker-31: Building] INFO  o.e.m.c.i.embedder.EclipseLogger - Copying 1 resource
2023-04-19 16:08:10,168 [Worker-31: Building] WARN  o.e.m.c.i.embedder.EclipseLogger - Using platform encoding (UTF-8 actually) to copy filtered resources, i.e. build is platform dependent!
2023-04-19 16:08:10,170 [Worker-31: Building] INFO  o.e.m.c.i.embedder.EclipseLogger - skip non existing resourceDirectory D:\alura\java-jpa-avansado-tienda\JPA-con-hibernate-Alura--stage-final\tienda\src\test\resources
2023-04-19 16:08:30,522 [Worker-28: Building] WARN  o.e.m.c.i.embedder.EclipseLogger - Using platform encoding (UTF-8 actually) to copy filtered resources, i.e. build is platform dependent!
2023-04-19 16:08:30,525 [Worker-28: Building] INFO  o.e.m.c.i.embedder.EclipseLogger - Copying 1 resource
2023-04-19 16:08:30,529 [Worker-28: Building] WARN  o.e.m.c.i.embedder.EclipseLogger - Using platform encoding (UTF-8 actually) to copy filtered resources, i.e. build is platform dependent!
2023-04-19 16:08:30,531 [Worker-28: Building] INFO  o.e.m.c.i.embedder.EclipseLogger - skip non existing resourceDirectory D:\alura\java-jpa-avansado-tienda\JPA-con-hibernate-Alura--stage-final\tienda\src\test\resources
2023-04-19 16:11:24,509 [Worker-36: Building] WARN  o.e.m.c.i.embedder.EclipseLogger - Using platform encoding (UTF-8 actually) to copy filtered resources, i.e. build is platform dependent!
2023-04-19 16:11:24,512 [Worker-36: Building] INFO  o.e.m.c.i.embedder.EclipseLogger - Copying 1 resource
2023-04-19 16:11:24,516 [Worker-36: Building] WARN  o.e.m.c.i.embedder.EclipseLogger - Using platform encoding (UTF-8 actually) to copy filtered resources, i.e. build is platform dependent!
2023-04-19 16:11:24,518 [Worker-36: Building] INFO  o.e.m.c.i.embedder.EclipseLogger - skip non existing resourceDirectory D:\alura\java-jpa-avansado-tienda\JPA-con-hibernate-Alura--stage-final\tienda\src\test\resources
2023-04-19 16:12:01,633 [Worker-31: Building] WARN  o.e.m.c.i.embedder.EclipseLogger - Using platform encoding (UTF-8 actually) to copy filtered resources, i.e. build is platform dependent!
2023-04-19 16:12:01,635 [Worker-31: Building] INFO  o.e.m.c.i.embedder.EclipseLogger - Copying 1 resource
2023-04-19 16:12:01,640 [Worker-31: Building] WARN  o.e.m.c.i.embedder.EclipseLogger - Using platform encoding (UTF-8 actually) to copy filtered resources, i.e. build is platform dependent!
2023-04-19 16:12:01,641 [Worker-31: Building] INFO  o.e.m.c.i.embedder.EclipseLogger - skip non existing resourceDirectory D:\alura\java-jpa-avansado-tienda\JPA-con-hibernate-Alura--stage-final\tienda\src\test\resources
2023-04-19 18:05:18,713 [Worker-40: Building] WARN  o.e.m.c.i.embedder.EclipseLogger - Using platform encoding (UTF-8 actually) to copy filtered resources, i.e. build is platform dependent!
2023-04-19 18:05:18,717 [Worker-40: Building] INFO  o.e.m.c.i.embedder.EclipseLogger - Copying 1 resource
2023-04-19 18:05:18,725 [Worker-40: Building] WARN  o.e.m.c.i.embedder.EclipseLogger - Using platform encoding (UTF-8 actually) to copy filtered resources, i.e. build is platform dependent!
2023-04-19 18:05:18,726 [Worker-40: Building] INFO  o.e.m.c.i.embedder.EclipseLogger - skip non existing resourceDirectory D:\alura\java-jpa-avansado-tienda\JPA-con-hibernate-Alura--stage-final\tienda\src\test\resources
2023-04-19 18:15:25,818 [Worker-46: Building] WARN  o.e.m.c.i.embedder.EclipseLogger - Using platform encoding (UTF-8 actually) to copy filtered resources, i.e. build is platform dependent!
2023-04-19 18:15:25,820 [Worker-46: Building] INFO  o.e.m.c.i.embedder.EclipseLogger - Copying 1 resource
2023-04-19 18:15:25,826 [Worker-46: Building] WARN  o.e.m.c.i.embedder.EclipseLogger - Using platform encoding (UTF-8 actually) to copy filtered resources, i.e. build is platform dependent!
2023-04-19 18:15:25,829 [Worker-46: Building] INFO  o.e.m.c.i.embedder.EclipseLogger - skip non existing resourceDirectory D:\alura\java-jpa-avansado-tienda\JPA-con-hibernate-Alura--stage-final\tienda\src\test\resources
2023-04-19 18:34:46,764 [Worker-50: Building] WARN  o.e.m.c.i.embedder.EclipseLogger - Using platform encoding (UTF-8 actually) to copy filtered resources, i.e. build is platform dependent!
2023-04-19 18:34:46,767 [Worker-50: Building] INFO  o.e.m.c.i.embedder.EclipseLogger - Copying 1 resource
2023-04-19 18:34:46,773 [Worker-50: Building] WARN  o.e.m.c.i.embedder.EclipseLogger - Using platform encoding (UTF-8 actually) to copy filtered resources, i.e. build is platform dependent!
2023-04-19 18:34:46,774 [Worker-50: Building] INFO  o.e.m.c.i.embedder.EclipseLogger - skip non existing resourceDirectory D:\alura\java-jpa-avansado-tienda\JPA-con-hibernate-Alura--stage-final\tienda\src\test\resources
2023-04-19 18:34:50,919 [Worker-47: Launching RegistroDeProducto] WARN  o.e.m.c.i.embedder.EclipseLogger - Using platform encoding (UTF-8 actually) to copy filtered resources, i.e. build is platform dependent!
2023-04-19 18:34:50,921 [Worker-47: Launching RegistroDeProducto] INFO  o.e.m.c.i.embedder.EclipseLogger - Copying 1 resource
2023-04-19 18:34:50,925 [Worker-47: Launching RegistroDeProducto] WARN  o.e.m.c.i.embedder.EclipseLogger - Using platform encoding (UTF-8 actually) to copy filtered resources, i.e. build is platform dependent!
2023-04-19 18:34:50,927 [Worker-47: Launching RegistroDeProducto] INFO  o.e.m.c.i.embedder.EclipseLogger - skip non existing resourceDirectory D:\alura\java-jpa-avansado-tienda\JPA-con-hibernate-Alura--stage-final\tienda\src\test\resources
2023-04-21 17:10:16,732 [Worker-4: Loading available Gradle versions] INFO  o.e.b.c.i.u.g.PublishedGradleVersions - Gradle version information cache is out-of-date. Trying to update.
2023-04-21 17:12:18,284 [Worker-14: Building] WARN  o.e.m.c.i.embedder.EclipseLogger - Using platform encoding (UTF-8 actually) to copy filtered resources, i.e. build is platform dependent!
2023-04-21 17:12:18,319 [Worker-14: Building] INFO  o.e.m.c.i.embedder.EclipseLogger - Copying 1 resource
2023-04-21 17:12:18,337 [Worker-14: Building] WARN  o.e.m.c.i.embedder.EclipseLogger - Using platform encoding (UTF-8 actually) to copy filtered resources, i.e. build is platform dependent!
2023-04-21 17:12:18,341 [Worker-14: Building] INFO  o.e.m.c.i.embedder.EclipseLogger - skip non existing resourceDirectory D:\alura\java-jpa-avansado-tienda\JPA-con-hibernate-Alura--stage-final\tienda\src\test\resources
2023-04-21 17:20:24,571 [Worker-17: Building] WARN  o.e.m.c.i.embedder.EclipseLogger - Using platform encoding (UTF-8 actually) to copy filtered resources, i.e. build is platform dependent!
2023-04-21 17:20:24,581 [Worker-17: Building] INFO  o.e.m.c.i.embedder.EclipseLogger - Copying 1 resource
2023-04-21 17:20:24,588 [Worker-17: Building] WARN  o.e.m.c.i.embedder.EclipseLogger - Using platform encoding (UTF-8 actually) to copy filtered resources, i.e. build is platform dependent!
2023-04-21 17:20:24,591 [Worker-17: Building] INFO  o.e.m.c.i.embedder.EclipseLogger - skip non existing resourceDirectory D:\alura\java-jpa-avansado-tienda\JPA-con-hibernate-Alura--stage-final\tienda\src\test\resources
2023-04-21 17:21:16,492 [Worker-16: Building] WARN  o.e.m.c.i.embedder.EclipseLogger - Using platform encoding (UTF-8 actually) to copy filtered resources, i.e. build is platform dependent!
2023-04-21 17:21:16,497 [Worker-16: Building] INFO  o.e.m.c.i.embedder.EclipseLogger - Copying 1 resource
2023-04-21 17:21:16,502 [Worker-16: Building] WARN  o.e.m.c.i.embedder.EclipseLogger - Using platform encoding (UTF-8 actually) to copy filtered resources, i.e. build is platform dependent!
2023-04-21 17:21:16,504 [Worker-16: Building] INFO  o.e.m.c.i.embedder.EclipseLogger - skip non existing resourceDirectory D:\alura\java-jpa-avansado-tienda\JPA-con-hibernate-Alura--stage-final\tienda\src\test\resources
2023-04-21 19:08:32,388 [Worker-22: Building] WARN  o.e.m.c.i.embedder.EclipseLogger - Using platform encoding (UTF-8 actually) to copy filtered resources, i.e. build is platform dependent!
2023-04-21 19:08:32,414 [Worker-22: Building] INFO  o.e.m.c.i.embedder.EclipseLogger - Copying 1 resource
2023-04-21 19:08:32,430 [Worker-22: Building] WARN  o.e.m.c.i.embedder.EclipseLogger - Using platform encoding (UTF-8 actually) to copy filtered resources, i.e. build is platform dependent!
2023-04-21 19:08:32,432 [Worker-22: Building] INFO  o.e.m.c.i.embedder.EclipseLogger - skip non existing resourceDirectory D:\alura\java-jpa-avansado-tienda\JPA-con-hibernate-Alura--stage-final\tienda\src\test\resources
2023-04-21 19:17:10,155 [Worker-34: Building] WARN  o.e.m.c.i.embedder.EclipseLogger - Using platform encoding (UTF-8 actually) to copy filtered resources, i.e. build is platform dependent!
2023-04-21 19:17:10,157 [Worker-34: Building] INFO  o.e.m.c.i.embedder.EclipseLogger - Copying 1 resource
2023-04-21 19:17:10,163 [Worker-34: Building] WARN  o.e.m.c.i.embedder.EclipseLogger - Using platform encoding (UTF-8 actually) to copy filtered resources, i.e. build is platform dependent!
2023-04-21 19:17:10,164 [Worker-34: Building] INFO  o.e.m.c.i.embedder.EclipseLogger - skip non existing resourceDirectory D:\alura\java-jpa-avansado-tienda\JPA-con-hibernate-Alura--stage-final\tienda\src\test\resources
2023-04-21 19:17:59,000 [Worker-29: Building] WARN  o.e.m.c.i.embedder.EclipseLogger - Using platform encoding (UTF-8 actually) to copy filtered resources, i.e. build is platform dependent!
2023-04-21 19:17:59,002 [Worker-29: Building] INFO  o.e.m.c.i.embedder.EclipseLogger - Copying 1 resource
2023-04-21 19:17:59,009 [Worker-29: Building] WARN  o.e.m.c.i.embedder.EclipseLogger - Using platform encoding (UTF-8 actually) to copy filtered resources, i.e. build is platform dependent!
2023-04-21 19:17:59,010 [Worker-29: Building] INFO  o.e.m.c.i.embedder.EclipseLogger - skip non existing resourceDirectory D:\alura\java-jpa-avansado-tienda\JPA-con-hibernate-Alura--stage-final\tienda\src\test\resources
2023-04-21 19:19:16,805 [Worker-38: Building] WARN  o.e.m.c.i.embedder.EclipseLogger - Using platform encoding (UTF-8 actually) to copy filtered resources, i.e. build is platform dependent!
2023-04-21 19:19:16,807 [Worker-38: Building] INFO  o.e.m.c.i.embedder.EclipseLogger - Copying 1 resource
2023-04-21 19:19:16,813 [Worker-38: Building] WARN  o.e.m.c.i.embedder.EclipseLogger - Using platform encoding (UTF-8 actually) to copy filtered resources, i.e. build is platform dependent!
2023-04-21 19:19:16,815 [Worker-38: Building] INFO  o.e.m.c.i.embedder.EclipseLogger - skip non existing resourceDirectory D:\alura\java-jpa-avansado-tienda\JPA-con-hibernate-Alura--stage-final\tienda\src\test\resources
2023-04-21 19:19:45,670 [Worker-38: Building] WARN  o.e.m.c.i.embedder.EclipseLogger - Using platform encoding (UTF-8 actually) to copy filtered resources, i.e. build is platform dependent!
2023-04-21 19:19:45,672 [Worker-38: Building] INFO  o.e.m.c.i.embedder.EclipseLogger - Copying 1 resource
2023-04-21 19:19:45,680 [Worker-38: Building] WARN  o.e.m.c.i.embedder.EclipseLogger - Using platform encoding (UTF-8 actually) to copy filtered resources, i.e. build is platform dependent!
2023-04-21 19:19:45,682 [Worker-38: Building] INFO  o.e.m.c.i.embedder.EclipseLogger - skip non existing resourceDirectory D:\alura\java-jpa-avansado-tienda\JPA-con-hibernate-Alura--stage-final\tienda\src\test\resources
2023-04-21 19:28:27,470 [Worker-37: Building] WARN  o.e.m.c.i.embedder.EclipseLogger - Using platform encoding (UTF-8 actually) to copy filtered resources, i.e. build is platform dependent!
2023-04-21 19:28:27,472 [Worker-37: Building] INFO  o.e.m.c.i.embedder.EclipseLogger - Copying 1 resource
2023-04-21 19:28:27,477 [Worker-37: Building] WARN  o.e.m.c.i.embedder.EclipseLogger - Using platform encoding (UTF-8 actually) to copy filtered resources, i.e. build is platform dependent!
2023-04-21 19:28:27,479 [Worker-37: Building] INFO  o.e.m.c.i.embedder.EclipseLogger - skip non existing resourceDirectory D:\alura\java-jpa-avansado-tienda\JPA-con-hibernate-Alura--stage-final\tienda\src\test\resources
2023-04-21 19:29:39,208 [Worker-41: Building] WARN  o.e.m.c.i.embedder.EclipseLogger - Using platform encoding (UTF-8 actually) to copy filtered resources, i.e. build is platform dependent!
2023-04-21 19:29:39,210 [Worker-41: Building] INFO  o.e.m.c.i.embedder.EclipseLogger - Copying 1 resource
2023-04-21 19:29:39,215 [Worker-41: Building] WARN  o.e.m.c.i.embedder.EclipseLogger - Using platform encoding (UTF-8 actually) to copy filtered resources, i.e. build is platform dependent!
2023-04-21 19:29:39,216 [Worker-41: Building] INFO  o.e.m.c.i.embedder.EclipseLogger - skip non existing resourceDirectory D:\alura\java-jpa-avansado-tienda\JPA-con-hibernate-Alura--stage-final\tienda\src\test\resources
2023-04-21 19:30:08,479 [Worker-42: Building] WARN  o.e.m.c.i.embedder.EclipseLogger - Using platform encoding (UTF-8 actually) to copy filtered resources, i.e. build is platform dependent!
2023-04-21 19:30:08,481 [Worker-42: Building] INFO  o.e.m.c.i.embedder.EclipseLogger - Copying 1 resource
2023-04-21 19:30:08,485 [Worker-42: Building] WARN  o.e.m.c.i.embedder.EclipseLogger - Using platform encoding (UTF-8 actually) to copy filtered resources, i.e. build is platform dependent!
2023-04-21 19:30:08,487 [Worker-42: Building] INFO  o.e.m.c.i.embedder.EclipseLogger - skip non existing resourceDirectory D:\alura\java-jpa-avansado-tienda\JPA-con-hibernate-Alura--stage-final\tienda\src\test\resources
2023-04-21 19:34:59,337 [Worker-41: Building] WARN  o.e.m.c.i.embedder.EclipseLogger - Using platform encoding (UTF-8 actually) to copy filtered resources, i.e. build is platform dependent!
2023-04-21 19:34:59,340 [Worker-41: Building] INFO  o.e.m.c.i.embedder.EclipseLogger - Copying 1 resource
2023-04-21 19:34:59,347 [Worker-41: Building] WARN  o.e.m.c.i.embedder.EclipseLogger - Using platform encoding (UTF-8 actually) to copy filtered resources, i.e. build is platform dependent!
2023-04-21 19:34:59,349 [Worker-41: Building] INFO  o.e.m.c.i.embedder.EclipseLogger - skip non existing resourceDirectory D:\alura\java-jpa-avansado-tienda\JPA-con-hibernate-Alura--stage-final\tienda\src\test\resources
2023-04-21 19:36:29,728 [Worker-44: Building] WARN  o.e.m.c.i.embedder.EclipseLogger - Using platform encoding (UTF-8 actually) to copy filtered resources, i.e. build is platform dependent!
2023-04-21 19:36:29,730 [Worker-44: Building] INFO  o.e.m.c.i.embedder.EclipseLogger - Copying 1 resource
2023-04-21 19:36:29,735 [Worker-44: Building] WARN  o.e.m.c.i.embedder.EclipseLogger - Using platform encoding (UTF-8 actually) to copy filtered resources, i.e. build is platform dependent!
2023-04-21 19:36:29,736 [Worker-44: Building] INFO  o.e.m.c.i.embedder.EclipseLogger - skip non existing resourceDirectory D:\alura\java-jpa-avansado-tienda\JPA-con-hibernate-Alura--stage-final\tienda\src\test\resources
2023-04-21 19:37:40,243 [Worker-43: Building] WARN  o.e.m.c.i.embedder.EclipseLogger - Using platform encoding (UTF-8 actually) to copy filtered resources, i.e. build is platform dependent!
2023-04-21 19:37:40,246 [Worker-43: Building] INFO  o.e.m.c.i.embedder.EclipseLogger - Copying 1 resource
2023-04-21 19:37:40,250 [Worker-43: Building] WARN  o.e.m.c.i.embedder.EclipseLogger - Using platform encoding (UTF-8 actually) to copy filtered resources, i.e. build is platform dependent!
2023-04-21 19:37:40,252 [Worker-43: Building] INFO  o.e.m.c.i.embedder.EclipseLogger - skip non existing resourceDirectory D:\alura\java-jpa-avansado-tienda\JPA-con-hibernate-Alura--stage-final\tienda\src\test\resources
2023-04-21 19:37:48,152 [Worker-44: Building] WARN  o.e.m.c.i.embedder.EclipseLogger - Using platform encoding (UTF-8 actually) to copy filtered resources, i.e. build is platform dependent!
2023-04-21 19:37:48,154 [Worker-44: Building] INFO  o.e.m.c.i.embedder.EclipseLogger - Copying 1 resource
2023-04-21 19:37:48,158 [Worker-44: Building] WARN  o.e.m.c.i.embedder.EclipseLogger - Using platform encoding (UTF-8 actually) to copy filtered resources, i.e. build is platform dependent!
2023-04-21 19:37:48,160 [Worker-44: Building] INFO  o.e.m.c.i.embedder.EclipseLogger - skip non existing resourceDirectory D:\alura\java-jpa-avansado-tienda\JPA-con-hibernate-Alura--stage-final\tienda\src\test\resources
2023-04-21 19:39:59,351 [Worker-45: Building] WARN  o.e.m.c.i.embedder.EclipseLogger - Using platform encoding (UTF-8 actually) to copy filtered resources, i.e. build is platform dependent!
2023-04-21 19:39:59,353 [Worker-45: Building] INFO  o.e.m.c.i.embedder.EclipseLogger - Copying 1 resource
2023-04-21 19:39:59,358 [Worker-45: Building] WARN  o.e.m.c.i.embedder.EclipseLogger - Using platform encoding (UTF-8 actually) to copy filtered resources, i.e. build is platform dependent!
2023-04-21 19:39:59,359 [Worker-45: Building] INFO  o.e.m.c.i.embedder.EclipseLogger - skip non existing resourceDirectory D:\alura\java-jpa-avansado-tienda\JPA-con-hibernate-Alura--stage-final\tienda\src\test\resources
2023-04-21 19:40:09,637 [Worker-41: Building] WARN  o.e.m.c.i.embedder.EclipseLogger - Using platform encoding (UTF-8 actually) to copy filtered resources, i.e. build is platform dependent!
2023-04-21 19:40:09,640 [Worker-41: Building] INFO  o.e.m.c.i.embedder.EclipseLogger - Copying 1 resource
2023-04-21 19:40:09,645 [Worker-41: Building] WARN  o.e.m.c.i.embedder.EclipseLogger - Using platform encoding (UTF-8 actually) to copy filtered resources, i.e. build is platform dependent!
2023-04-21 19:40:09,647 [Worker-41: Building] INFO  o.e.m.c.i.embedder.EclipseLogger - skip non existing resourceDirectory D:\alura\java-jpa-avansado-tienda\JPA-con-hibernate-Alura--stage-final\tienda\src\test\resources
2023-04-21 19:41:26,883 [Worker-46: Building] WARN  o.e.m.c.i.embedder.EclipseLogger - Using platform encoding (UTF-8 actually) to copy filtered resources, i.e. build is platform dependent!
2023-04-21 19:41:26,885 [Worker-46: Building] INFO  o.e.m.c.i.embedder.EclipseLogger - Copying 1 resource
2023-04-21 19:41:26,891 [Worker-46: Building] WARN  o.e.m.c.i.embedder.EclipseLogger - Using platform encoding (UTF-8 actually) to copy filtered resources, i.e. build is platform dependent!
2023-04-21 19:41:26,892 [Worker-46: Building] INFO  o.e.m.c.i.embedder.EclipseLogger - skip non existing resourceDirectory D:\alura\java-jpa-avansado-tienda\JPA-con-hibernate-Alura--stage-final\tienda\src\test\resources
2023-04-21 19:50:31,789 [Worker-48: Building] WARN  o.e.m.c.i.embedder.EclipseLogger - Using platform encoding (UTF-8 actually) to copy filtered resources, i.e. build is platform dependent!
2023-04-21 19:50:31,790 [Worker-48: Building] INFO  o.e.m.c.i.embedder.EclipseLogger - Copying 1 resource
2023-04-21 19:50:31,797 [Worker-48: Building] WARN  o.e.m.c.i.embedder.EclipseLogger - Using platform encoding (UTF-8 actually) to copy filtered resources, i.e. build is platform dependent!
2023-04-21 19:50:31,798 [Worker-48: Building] INFO  o.e.m.c.i.embedder.EclipseLogger - skip non existing resourceDirectory D:\alura\java-jpa-avansado-tienda\JPA-con-hibernate-Alura--stage-final\tienda\src\test\resources
2023-04-21 20:02:32,103 [Worker-52: Building] INFO  o.e.m.c.i.l.LifecycleMappingFactory - Using org.eclipse.m2e.jdt.JarLifecycleMapping lifecycle mapping for MavenProject: com.latam.alura.tienda:tienda:0.0.1-SNAPSHOT @ D:\alura\java-jpa-avansado-tienda\JPA-con-hibernate-Alura--stage-final\tienda\pom.xml.
2023-04-21 20:02:32,745 [Worker-52: Building] WARN  o.e.m.c.i.embedder.EclipseLogger - Using platform encoding (UTF-8 actually) to copy filtered resources, i.e. build is platform dependent!
2023-04-21 20:02:32,747 [Worker-52: Building] INFO  o.e.m.c.i.embedder.EclipseLogger - Copying 0 resource
2023-04-21 20:02:32,754 [Worker-52: Building] WARN  o.e.m.c.i.embedder.EclipseLogger - Using platform encoding (UTF-8 actually) to copy filtered resources, i.e. build is platform dependent!
2023-04-21 20:02:32,755 [Worker-52: Building] INFO  o.e.m.c.i.embedder.EclipseLogger - skip non existing resourceDirectory D:\alura\java-jpa-avansado-tienda\JPA-con-hibernate-Alura--stage-final\tienda\src\test\resources
2023-04-21 20:03:08,360 [Worker-53: Building] INFO  o.e.m.c.i.l.LifecycleMappingFactory - Using org.eclipse.m2e.jdt.JarLifecycleMapping lifecycle mapping for MavenProject: com.latam.alura.tienda:tienda:0.0.1-SNAPSHOT @ D:\alura\java-jpa-avansado-tienda\JPA-con-hibernate-Alura--stage-final\tienda\pom.xml.
2023-04-21 20:03:09,067 [Worker-53: Building] WARN  o.e.m.c.i.embedder.EclipseLogger - Using platform encoding (UTF-8 actually) to copy filtered resources, i.e. build is platform dependent!
2023-04-21 20:03:09,071 [Worker-53: Building] INFO  o.e.m.c.i.embedder.EclipseLogger - Copying 1 resource
2023-04-21 20:03:09,089 [Worker-53: Building] WARN  o.e.m.c.i.embedder.EclipseLogger - Using platform encoding (UTF-8 actually) to copy filtered resources, i.e. build is platform dependent!
2023-04-21 20:03:09,090 [Worker-53: Building] INFO  o.e.m.c.i.embedder.EclipseLogger - skip non existing resourceDirectory D:\alura\java-jpa-avansado-tienda\JPA-con-hibernate-Alura--stage-final\tienda\src\test\resources
2023-04-21 20:04:46,753 [Worker-56: Building] INFO  o.e.m.c.i.l.LifecycleMappingFactory - Using org.eclipse.m2e.jdt.JarLifecycleMapping lifecycle mapping for MavenProject: com.latam.alura.tienda:tienda:0.0.1-SNAPSHOT @ D:\alura\java-jpa-avansado-tienda\JPA-con-hibernate-Alura--stage-final\tienda\pom.xml.
2023-04-21 20:04:47,464 [Worker-56: Building] WARN  o.e.m.c.i.embedder.EclipseLogger - Using platform encoding (UTF-8 actually) to copy filtered resources, i.e. build is platform dependent!
2023-04-21 20:04:47,467 [Worker-56: Building] INFO  o.e.m.c.i.embedder.EclipseLogger - Copying 1 resource
2023-04-21 20:04:47,481 [Worker-56: Building] WARN  o.e.m.c.i.embedder.EclipseLogger - Using platform encoding (UTF-8 actually) to copy filtered resources, i.e. build is platform dependent!
2023-04-21 20:04:47,482 [Worker-56: Building] INFO  o.e.m.c.i.embedder.EclipseLogger - skip non existing resourceDirectory D:\alura\java-jpa-avansado-tienda\JPA-con-hibernate-Alura--stage-final\tienda\src\test\resources
2023-04-21 20:07:03,885 [Worker-55: Building] WARN  o.e.m.c.i.embedder.EclipseLogger - Using platform encoding (UTF-8 actually) to copy filtered resources, i.e. build is platform dependent!
2023-04-21 20:07:03,887 [Worker-55: Building] INFO  o.e.m.c.i.embedder.EclipseLogger - Copying 1 resource
2023-04-21 20:07:03,899 [Worker-55: Building] WARN  o.e.m.c.i.embedder.EclipseLogger - Using platform encoding (UTF-8 actually) to copy filtered resources, i.e. build is platform dependent!
2023-04-21 20:07:03,900 [Worker-55: Building] INFO  o.e.m.c.i.embedder.EclipseLogger - skip non existing resourceDirectory D:\alura\java-jpa-avansado-tienda\JPA-con-hibernate-Alura--stage-final\tienda\src\test\resources
2023-04-21 20:12:11,763 [Worker-57: Building] INFO  o.e.m.c.i.l.LifecycleMappingFactory - Using org.eclipse.m2e.jdt.JarLifecycleMapping lifecycle mapping for MavenProject: com.latam.alura.tienda:tienda:0.0.1-SNAPSHOT @ D:\alura\java-jpa-avansado-tienda\JPA-con-hibernate-Alura--stage-final\tienda\pom.xml.
2023-04-21 20:12:12,183 [Worker-57: Building] WARN  o.e.m.c.i.embedder.EclipseLogger - Using platform encoding (UTF-8 actually) to copy filtered resources, i.e. build is platform dependent!
2023-04-21 20:12:12,187 [Worker-57: Building] INFO  o.e.m.c.i.embedder.EclipseLogger - Copying 0 resource
2023-04-21 20:12:12,191 [Worker-57: Building] WARN  o.e.m.c.i.embedder.EclipseLogger - Using platform encoding (UTF-8 actually) to copy filtered resources, i.e. build is platform dependent!
2023-04-21 20:12:12,193 [Worker-57: Building] INFO  o.e.m.c.i.embedder.EclipseLogger - skip non existing resourceDirectory D:\alura\java-jpa-avansado-tienda\JPA-con-hibernate-Alura--stage-final\tienda\src\test\resources
2023-04-21 20:12:29,744 [Worker-64: Building] INFO  o.e.m.c.i.l.LifecycleMappingFactory - Using org.eclipse.m2e.jdt.JarLifecycleMapping lifecycle mapping for MavenProject: com.latam.alura.tienda:tienda:0.0.1-SNAPSHOT @ D:\alura\java-jpa-avansado-tienda\JPA-con-hibernate-Alura--stage-final\tienda\pom.xml.
2023-04-21 20:12:30,317 [Worker-64: Building] WARN  o.e.m.c.i.embedder.EclipseLogger - Using platform encoding (UTF-8 actually) to copy filtered resources, i.e. build is platform dependent!
2023-04-21 20:12:30,322 [Worker-64: Building] INFO  o.e.m.c.i.embedder.EclipseLogger - Copying 1 resource
2023-04-21 20:12:30,337 [Worker-64: Building] WARN  o.e.m.c.i.embedder.EclipseLogger - Using platform encoding (UTF-8 actually) to copy filtered resources, i.e. build is platform dependent!
2023-04-21 20:12:30,338 [Worker-64: Building] INFO  o.e.m.c.i.embedder.EclipseLogger - skip non existing resourceDirectory D:\alura\java-jpa-avansado-tienda\JPA-con-hibernate-Alura--stage-final\tienda\src\test\resources
2023-04-21 20:12:47,607 [Worker-61: Launching RegistroDeProducto] WARN  o.e.m.c.i.embedder.EclipseLogger - Using platform encoding (UTF-8 actually) to copy filtered resources, i.e. build is platform dependent!
2023-04-21 20:12:47,609 [Worker-61: Launching RegistroDeProducto] INFO  o.e.m.c.i.embedder.EclipseLogger - Copying 1 resource
2023-04-21 20:12:47,617 [Worker-61: Launching RegistroDeProducto] WARN  o.e.m.c.i.embedder.EclipseLogger - Using platform encoding (UTF-8 actually) to copy filtered resources, i.e. build is platform dependent!
2023-04-21 20:12:47,619 [Worker-61: Launching RegistroDeProducto] INFO  o.e.m.c.i.embedder.EclipseLogger - skip non existing resourceDirectory D:\alura\java-jpa-avansado-tienda\JPA-con-hibernate-Alura--stage-final\tienda\src\test\resources
2023-04-22 12:32:31,453 [Worker-0: Loading available Gradle versions] INFO  o.e.b.c.i.u.g.PublishedGradleVersions - Gradle version information cache is up-to-date. Trying to read.
2023-04-22 12:38:27,392 [Worker-6: Building] WARN  o.e.m.c.i.embedder.EclipseLogger - Using platform encoding (UTF-8 actually) to copy filtered resources, i.e. build is platform dependent!
2023-04-22 12:38:27,402 [Worker-6: Building] INFO  o.e.m.c.i.embedder.EclipseLogger - Copying 1 resource
2023-04-22 12:38:27,414 [Worker-6: Building] WARN  o.e.m.c.i.embedder.EclipseLogger - Using platform encoding (UTF-8 actually) to copy filtered resources, i.e. build is platform dependent!
2023-04-22 12:38:27,415 [Worker-6: Building] INFO  o.e.m.c.i.embedder.EclipseLogger - skip non existing resourceDirectory D:\alura\java-jpa-avansado-tienda\JPA-con-hibernate-Alura--stage-final\tienda\src\test\resources
2023-04-22 12:39:35,466 [Worker-18: Building] WARN  o.e.m.c.i.embedder.EclipseLogger - Using platform encoding (UTF-8 actually) to copy filtered resources, i.e. build is platform dependent!
2023-04-22 12:39:35,472 [Worker-18: Building] INFO  o.e.m.c.i.embedder.EclipseLogger - Copying 1 resource
2023-04-22 12:39:35,477 [Worker-18: Building] WARN  o.e.m.c.i.embedder.EclipseLogger - Using platform encoding (UTF-8 actually) to copy filtered resources, i.e. build is platform dependent!
2023-04-22 12:39:35,479 [Worker-18: Building] INFO  o.e.m.c.i.embedder.EclipseLogger - skip non existing resourceDirectory D:\alura\java-jpa-avansado-tienda\JPA-con-hibernate-Alura--stage-final\tienda\src\test\resources
2023-04-22 12:45:23,238 [Worker-19: Building] WARN  o.e.m.c.i.embedder.EclipseLogger - Using platform encoding (UTF-8 actually) to copy filtered resources, i.e. build is platform dependent!
2023-04-22 12:45:23,241 [Worker-19: Building] INFO  o.e.m.c.i.embedder.EclipseLogger - Copying 1 resource
2023-04-22 12:45:23,254 [Worker-19: Building] WARN  o.e.m.c.i.embedder.EclipseLogger - Using platform encoding (UTF-8 actually) to copy filtered resources, i.e. build is platform dependent!
2023-04-22 12:45:23,255 [Worker-19: Building] INFO  o.e.m.c.i.embedder.EclipseLogger - skip non existing resourceDirectory D:\alura\java-jpa-avansado-tienda\JPA-con-hibernate-Alura--stage-final\tienda\src\test\resources
2023-04-22 12:56:56,351 [Worker-25: Building] WARN  o.e.m.c.i.embedder.EclipseLogger - Using platform encoding (UTF-8 actually) to copy filtered resources, i.e. build is platform dependent!
2023-04-22 12:56:56,352 [Worker-25: Building] INFO  o.e.m.c.i.embedder.EclipseLogger - Copying 1 resource
2023-04-22 12:56:56,359 [Worker-25: Building] WARN  o.e.m.c.i.embedder.EclipseLogger - Using platform encoding (UTF-8 actually) to copy filtered resources, i.e. build is platform dependent!
2023-04-22 12:56:56,360 [Worker-25: Building] INFO  o.e.m.c.i.embedder.EclipseLogger - skip non existing resourceDirectory D:\alura\java-jpa-avansado-tienda\JPA-con-hibernate-Alura--stage-final\tienda\src\test\resources
2023-04-22 12:57:11,685 [Worker-27: Building] WARN  o.e.m.c.i.embedder.EclipseLogger - Using platform encoding (UTF-8 actually) to copy filtered resources, i.e. build is platform dependent!
2023-04-22 12:57:11,687 [Worker-27: Building] INFO  o.e.m.c.i.embedder.EclipseLogger - Copying 1 resource
2023-04-22 12:57:11,694 [Worker-27: Building] WARN  o.e.m.c.i.embedder.EclipseLogger - Using platform encoding (UTF-8 actually) to copy filtered resources, i.e. build is platform dependent!
2023-04-22 12:57:11,696 [Worker-27: Building] INFO  o.e.m.c.i.embedder.EclipseLogger - skip non existing resourceDirectory D:\alura\java-jpa-avansado-tienda\JPA-con-hibernate-Alura--stage-final\tienda\src\test\resources
2023-04-22 12:57:26,252 [Worker-26: Building] WARN  o.e.m.c.i.embedder.EclipseLogger - Using platform encoding (UTF-8 actually) to copy filtered resources, i.e. build is platform dependent!
2023-04-22 12:57:26,254 [Worker-26: Building] INFO  o.e.m.c.i.embedder.EclipseLogger - Copying 1 resource
2023-04-22 12:57:26,261 [Worker-26: Building] WARN  o.e.m.c.i.embedder.EclipseLogger - Using platform encoding (UTF-8 actually) to copy filtered resources, i.e. build is platform dependent!
2023-04-22 12:57:26,262 [Worker-26: Building] INFO  o.e.m.c.i.embedder.EclipseLogger - skip non existing resourceDirectory D:\alura\java-jpa-avansado-tienda\JPA-con-hibernate-Alura--stage-final\tienda\src\test\resources
2023-04-22 12:58:07,386 [Worker-26: Launching RegistroDeProducto] WARN  o.e.m.c.i.embedder.EclipseLogger - Using platform encoding (UTF-8 actually) to copy filtered resources, i.e. build is platform dependent!
2023-04-22 12:58:07,388 [Worker-26: Launching RegistroDeProducto] INFO  o.e.m.c.i.embedder.EclipseLogger - Copying 1 resource
2023-04-22 12:58:07,410 [Worker-26: Launching RegistroDeProducto] WARN  o.e.m.c.i.embedder.EclipseLogger - Using platform encoding (UTF-8 actually) to copy filtered resources, i.e. build is platform dependent!
2023-04-22 12:58:07,412 [Worker-26: Launching RegistroDeProducto] INFO  o.e.m.c.i.embedder.EclipseLogger - skip non existing resourceDirectory D:\alura\java-jpa-avansado-tienda\JPA-con-hibernate-Alura--stage-final\tienda\src\test\resources
2023-04-22 12:59:17,075 [Worker-24: Building] WARN  o.e.m.c.i.embedder.EclipseLogger - Using platform encoding (UTF-8 actually) to copy filtered resources, i.e. build is platform dependent!
2023-04-22 12:59:17,076 [Worker-24: Building] INFO  o.e.m.c.i.embedder.EclipseLogger - Copying 1 resource
2023-04-22 12:59:17,083 [Worker-24: Building] WARN  o.e.m.c.i.embedder.EclipseLogger - Using platform encoding (UTF-8 actually) to copy filtered resources, i.e. build is platform dependent!
2023-04-22 12:59:17,085 [Worker-24: Building] INFO  o.e.m.c.i.embedder.EclipseLogger - skip non existing resourceDirectory D:\alura\java-jpa-avansado-tienda\JPA-con-hibernate-Alura--stage-final\tienda\src\test\resources
2023-04-22 13:00:29,809 [Worker-24: Launching RegistroDeProducto] WARN  o.e.m.c.i.embedder.EclipseLogger - Using platform encoding (UTF-8 actually) to copy filtered resources, i.e. build is platform dependent!
2023-04-22 13:00:29,811 [Worker-24: Launching RegistroDeProducto] INFO  o.e.m.c.i.embedder.EclipseLogger - Copying 1 resource
2023-04-22 13:00:29,820 [Worker-24: Launching RegistroDeProducto] WARN  o.e.m.c.i.embedder.EclipseLogger - Using platform encoding (UTF-8 actually) to copy filtered resources, i.e. build is platform dependent!
2023-04-22 13:00:29,821 [Worker-24: Launching RegistroDeProducto] INFO  o.e.m.c.i.embedder.EclipseLogger - skip non existing resourceDirectory D:\alura\java-jpa-avansado-tienda\JPA-con-hibernate-Alura--stage-final\tienda\src\test\resources
2023-04-22 13:01:07,806 [Worker-24: Building] WARN  o.e.m.c.i.embedder.EclipseLogger - Using platform encoding (UTF-8 actually) to copy filtered resources, i.e. build is platform dependent!
2023-04-22 13:01:07,809 [Worker-24: Building] INFO  o.e.m.c.i.embedder.EclipseLogger - Copying 1 resource
2023-04-22 13:01:07,816 [Worker-24: Building] WARN  o.e.m.c.i.embedder.EclipseLogger - Using platform encoding (UTF-8 actually) to copy filtered resources, i.e. build is platform dependent!
2023-04-22 13:01:07,817 [Worker-24: Building] INFO  o.e.m.c.i.embedder.EclipseLogger - skip non existing resourceDirectory D:\alura\java-jpa-avansado-tienda\JPA-con-hibernate-Alura--stage-final\tienda\src\test\resources
2023-04-22 13:01:41,544 [Worker-0: Loading available Gradle versions] INFO  o.e.b.c.i.u.g.PublishedGradleVersions - Gradle version information cache is up-to-date. Trying to read.
2023-04-22 13:03:48,999 [Worker-0: Building] WARN  o.e.m.c.i.embedder.EclipseLogger - Using platform encoding (UTF-8 actually) to copy filtered resources, i.e. build is platform dependent!
2023-04-22 13:03:49,009 [Worker-0: Building] INFO  o.e.m.c.i.embedder.EclipseLogger - Copying 1 resource
2023-04-22 13:03:49,037 [Worker-0: Building] WARN  o.e.m.c.i.embedder.EclipseLogger - Using platform encoding (UTF-8 actually) to copy filtered resources, i.e. build is platform dependent!
2023-04-22 13:03:49,038 [Worker-0: Building] INFO  o.e.m.c.i.embedder.EclipseLogger - skip non existing resourceDirectory D:\alura\java-jpa-avansado-tienda\JPA-con-hibernate-Alura--stage-final\tienda\src\test\resources
2023-04-22 13:07:23,759 [Worker-0: Building] WARN  o.e.m.c.i.embedder.EclipseLogger - Using platform encoding (UTF-8 actually) to copy filtered resources, i.e. build is platform dependent!
2023-04-22 13:07:23,766 [Worker-0: Building] INFO  o.e.m.c.i.embedder.EclipseLogger - Copying 1 resource
2023-04-22 13:07:23,776 [Worker-0: Building] WARN  o.e.m.c.i.embedder.EclipseLogger - Using platform encoding (UTF-8 actually) to copy filtered resources, i.e. build is platform dependent!
2023-04-22 13:07:23,777 [Worker-0: Building] INFO  o.e.m.c.i.embedder.EclipseLogger - skip non existing resourceDirectory D:\alura\java-jpa-avansado-tienda\JPA-con-hibernate-Alura--stage-final\tienda\src\test\resources
2023-04-22 13:09:17,708 [Worker-17: Building] WARN  o.e.m.c.i.embedder.EclipseLogger - Using platform encoding (UTF-8 actually) to copy filtered resources, i.e. build is platform dependent!
2023-04-22 13:09:17,711 [Worker-17: Building] INFO  o.e.m.c.i.embedder.EclipseLogger - Copying 1 resource
2023-04-22 13:09:17,722 [Worker-17: Building] WARN  o.e.m.c.i.embedder.EclipseLogger - Using platform encoding (UTF-8 actually) to copy filtered resources, i.e. build is platform dependent!
2023-04-22 13:09:17,724 [Worker-17: Building] INFO  o.e.m.c.i.embedder.EclipseLogger - skip non existing resourceDirectory D:\alura\java-jpa-avansado-tienda\JPA-con-hibernate-Alura--stage-final\tienda\src\test\resources
2023-04-22 13:14:15,869 [Worker-17: Building] WARN  o.e.m.c.i.embedder.EclipseLogger - Using platform encoding (UTF-8 actually) to copy filtered resources, i.e. build is platform dependent!
2023-04-22 13:14:15,871 [Worker-17: Building] INFO  o.e.m.c.i.embedder.EclipseLogger - Copying 1 resource
2023-04-22 13:14:15,879 [Worker-17: Building] WARN  o.e.m.c.i.embedder.EclipseLogger - Using platform encoding (UTF-8 actually) to copy filtered resources, i.e. build is platform dependent!
2023-04-22 13:14:15,881 [Worker-17: Building] INFO  o.e.m.c.i.embedder.EclipseLogger - skip non existing resourceDirectory D:\alura\java-jpa-avansado-tienda\JPA-con-hibernate-Alura--stage-final\tienda\src\test\resources
2023-04-22 14:33:18,333 [Worker-22: Building] WARN  o.e.m.c.i.embedder.EclipseLogger - Using platform encoding (UTF-8 actually) to copy filtered resources, i.e. build is platform dependent!
2023-04-22 14:33:18,380 [Worker-22: Building] INFO  o.e.m.c.i.embedder.EclipseLogger - Copying 1 resource
2023-04-22 14:33:18,385 [Worker-22: Building] WARN  o.e.m.c.i.embedder.EclipseLogger - Using platform encoding (UTF-8 actually) to copy filtered resources, i.e. build is platform dependent!
2023-04-22 14:33:18,386 [Worker-22: Building] INFO  o.e.m.c.i.embedder.EclipseLogger - skip non existing resourceDirectory D:\alura\java-jpa-avansado-tienda\JPA-con-hibernate-Alura--stage-final\tienda\src\test\resources
2023-04-22 14:43:17,542 [Worker-30: Building] WARN  o.e.m.c.i.embedder.EclipseLogger - Using platform encoding (UTF-8 actually) to copy filtered resources, i.e. build is platform dependent!
2023-04-22 14:43:17,545 [Worker-30: Building] INFO  o.e.m.c.i.embedder.EclipseLogger - Copying 1 resource
2023-04-22 14:43:17,554 [Worker-30: Building] WARN  o.e.m.c.i.embedder.EclipseLogger - Using platform encoding (UTF-8 actually) to copy filtered resources, i.e. build is platform dependent!
2023-04-22 14:43:17,558 [Worker-30: Building] INFO  o.e.m.c.i.embedder.EclipseLogger - skip non existing resourceDirectory D:\alura\java-jpa-avansado-tienda\JPA-con-hibernate-Alura--stage-final\tienda\src\test\resources
2023-04-22 14:44:59,924 [Worker-31: Building] WARN  o.e.m.c.i.embedder.EclipseLogger - Using platform encoding (UTF-8 actually) to copy filtered resources, i.e. build is platform dependent!
2023-04-22 14:44:59,927 [Worker-31: Building] INFO  o.e.m.c.i.embedder.EclipseLogger - Copying 1 resource
2023-04-22 14:44:59,932 [Worker-31: Building] WARN  o.e.m.c.i.embedder.EclipseLogger - Using platform encoding (UTF-8 actually) to copy filtered resources, i.e. build is platform dependent!
2023-04-22 14:44:59,934 [Worker-31: Building] INFO  o.e.m.c.i.embedder.EclipseLogger - skip non existing resourceDirectory D:\alura\java-jpa-avansado-tienda\JPA-con-hibernate-Alura--stage-final\tienda\src\test\resources
2023-04-22 14:45:32,938 [Worker-31: Building] WARN  o.e.m.c.i.embedder.EclipseLogger - Using platform encoding (UTF-8 actually) to copy filtered resources, i.e. build is platform dependent!
2023-04-22 14:45:32,940 [Worker-31: Building] INFO  o.e.m.c.i.embedder.EclipseLogger - Copying 1 resource
2023-04-22 14:45:32,948 [Worker-31: Building] WARN  o.e.m.c.i.embedder.EclipseLogger - Using platform encoding (UTF-8 actually) to copy filtered resources, i.e. build is platform dependent!
2023-04-22 14:45:32,950 [Worker-31: Building] INFO  o.e.m.c.i.embedder.EclipseLogger - skip non existing resourceDirectory D:\alura\java-jpa-avansado-tienda\JPA-con-hibernate-Alura--stage-final\tienda\src\test\resources
2023-04-22 14:45:53,108 [Worker-36: Building] WARN  o.e.m.c.i.embedder.EclipseLogger - Using platform encoding (UTF-8 actually) to copy filtered resources, i.e. build is platform dependent!
2023-04-22 14:45:53,110 [Worker-36: Building] INFO  o.e.m.c.i.embedder.EclipseLogger - Copying 1 resource
2023-04-22 14:45:53,117 [Worker-36: Building] WARN  o.e.m.c.i.embedder.EclipseLogger - Using platform encoding (UTF-8 actually) to copy filtered resources, i.e. build is platform dependent!
2023-04-22 14:45:53,119 [Worker-36: Building] INFO  o.e.m.c.i.embedder.EclipseLogger - skip non existing resourceDirectory D:\alura\java-jpa-avansado-tienda\JPA-con-hibernate-Alura--stage-final\tienda\src\test\resources
2023-04-22 14:48:21,549 [Worker-33: Building] WARN  o.e.m.c.i.embedder.EclipseLogger - Using platform encoding (UTF-8 actually) to copy filtered resources, i.e. build is platform dependent!
2023-04-22 14:48:21,551 [Worker-33: Building] INFO  o.e.m.c.i.embedder.EclipseLogger - Copying 1 resource
2023-04-22 14:48:21,559 [Worker-33: Building] WARN  o.e.m.c.i.embedder.EclipseLogger - Using platform encoding (UTF-8 actually) to copy filtered resources, i.e. build is platform dependent!
2023-04-22 14:48:21,561 [Worker-33: Building] INFO  o.e.m.c.i.embedder.EclipseLogger - skip non existing resourceDirectory D:\alura\java-jpa-avansado-tienda\JPA-con-hibernate-Alura--stage-final\tienda\src\test\resources
2023-04-22 14:51:30,079 [Worker-31: Building] WARN  o.e.m.c.i.embedder.EclipseLogger - Using platform encoding (UTF-8 actually) to copy filtered resources, i.e. build is platform dependent!
2023-04-22 14:51:30,082 [Worker-31: Building] INFO  o.e.m.c.i.embedder.EclipseLogger - Copying 1 resource
2023-04-22 14:51:30,087 [Worker-31: Building] WARN  o.e.m.c.i.embedder.EclipseLogger - Using platform encoding (UTF-8 actually) to copy filtered resources, i.e. build is platform dependent!
2023-04-22 14:51:30,088 [Worker-31: Building] INFO  o.e.m.c.i.embedder.EclipseLogger - skip non existing resourceDirectory D:\alura\java-jpa-avansado-tienda\JPA-con-hibernate-Alura--stage-final\tienda\src\test\resources
2023-04-22 14:51:32,403 [Worker-31: Building] WARN  o.e.m.c.i.embedder.EclipseLogger - Using platform encoding (UTF-8 actually) to copy filtered resources, i.e. build is platform dependent!
2023-04-22 14:51:32,406 [Worker-31: Building] INFO  o.e.m.c.i.embedder.EclipseLogger - Copying 1 resource
2023-04-22 14:51:32,412 [Worker-31: Building] WARN  o.e.m.c.i.embedder.EclipseLogger - Using platform encoding (UTF-8 actually) to copy filtered resources, i.e. build is platform dependent!
2023-04-22 14:51:32,414 [Worker-31: Building] INFO  o.e.m.c.i.embedder.EclipseLogger - skip non existing resourceDirectory D:\alura\java-jpa-avansado-tienda\JPA-con-hibernate-Alura--stage-final\tienda\src\test\resources
2023-04-22 14:52:07,163 [Worker-37: Building] WARN  o.e.m.c.i.embedder.EclipseLogger - Using platform encoding (UTF-8 actually) to copy filtered resources, i.e. build is platform dependent!
2023-04-22 14:52:07,166 [Worker-37: Building] INFO  o.e.m.c.i.embedder.EclipseLogger - Copying 1 resource
2023-04-22 14:52:07,170 [Worker-37: Building] WARN  o.e.m.c.i.embedder.EclipseLogger - Using platform encoding (UTF-8 actually) to copy filtered resources, i.e. build is platform dependent!
2023-04-22 14:52:07,171 [Worker-37: Building] INFO  o.e.m.c.i.embedder.EclipseLogger - skip non existing resourceDirectory D:\alura\java-jpa-avansado-tienda\JPA-con-hibernate-Alura--stage-final\tienda\src\test\resources
2023-04-22 14:53:05,845 [Worker-33: Building] WARN  o.e.m.c.i.embedder.EclipseLogger - Using platform encoding (UTF-8 actually) to copy filtered resources, i.e. build is platform dependent!
2023-04-22 14:53:05,847 [Worker-33: Building] INFO  o.e.m.c.i.embedder.EclipseLogger - Copying 1 resource
2023-04-22 14:53:05,855 [Worker-33: Building] WARN  o.e.m.c.i.embedder.EclipseLogger - Using platform encoding (UTF-8 actually) to copy filtered resources, i.e. build is platform dependent!
2023-04-22 14:53:05,856 [Worker-33: Building] INFO  o.e.m.c.i.embedder.EclipseLogger - skip non existing resourceDirectory D:\alura\java-jpa-avansado-tienda\JPA-con-hibernate-Alura--stage-final\tienda\src\test\resources
2023-04-22 14:59:46,070 [Worker-44: Building] WARN  o.e.m.c.i.embedder.EclipseLogger - Using platform encoding (UTF-8 actually) to copy filtered resources, i.e. build is platform dependent!
2023-04-22 14:59:46,072 [Worker-44: Building] INFO  o.e.m.c.i.embedder.EclipseLogger - Copying 1 resource
2023-04-22 14:59:46,075 [Worker-44: Building] WARN  o.e.m.c.i.embedder.EclipseLogger - Using platform encoding (UTF-8 actually) to copy filtered resources, i.e. build is platform dependent!
2023-04-22 14:59:46,077 [Worker-44: Building] INFO  o.e.m.c.i.embedder.EclipseLogger - skip non existing resourceDirectory D:\alura\java-jpa-avansado-tienda\JPA-con-hibernate-Alura--stage-final\tienda\src\test\resources
2023-04-22 15:02:30,984 [Worker-45: Building Workspace] WARN  o.e.m.c.i.embedder.EclipseLogger - Using platform encoding (UTF-8 actually) to copy filtered resources, i.e. build is platform dependent!
2023-04-22 15:02:30,988 [Worker-45: Building Workspace] INFO  o.e.m.c.i.embedder.EclipseLogger - Copying 1 resource
2023-04-22 15:02:30,993 [Worker-45: Building Workspace] WARN  o.e.m.c.i.embedder.EclipseLogger - Using platform encoding (UTF-8 actually) to copy filtered resources, i.e. build is platform dependent!
2023-04-22 15:02:30,994 [Worker-45: Building Workspace] INFO  o.e.m.c.i.embedder.EclipseLogger - skip non existing resourceDirectory D:\alura\java-jpa-avansado-tienda\JPA-con-hibernate-Alura--stage-final\tienda\src\test\resources
2023-04-22 15:07:45,287 [Worker-46: Building] WARN  o.e.m.c.i.embedder.EclipseLogger - Using platform encoding (UTF-8 actually) to copy filtered resources, i.e. build is platform dependent!
2023-04-22 15:07:45,289 [Worker-46: Building] INFO  o.e.m.c.i.embedder.EclipseLogger - Copying 1 resource
2023-04-22 15:07:45,293 [Worker-46: Building] WARN  o.e.m.c.i.embedder.EclipseLogger - Using platform encoding (UTF-8 actually) to copy filtered resources, i.e. build is platform dependent!
2023-04-22 15:07:45,295 [Worker-46: Building] INFO  o.e.m.c.i.embedder.EclipseLogger - skip non existing resourceDirectory D:\alura\java-jpa-avansado-tienda\JPA-con-hibernate-Alura--stage-final\tienda\src\test\resources
2023-04-22 15:07:46,943 [Worker-45: Building] WARN  o.e.m.c.i.embedder.EclipseLogger - Using platform encoding (UTF-8 actually) to copy filtered resources, i.e. build is platform dependent!
2023-04-22 15:07:46,946 [Worker-45: Building] INFO  o.e.m.c.i.embedder.EclipseLogger - Copying 1 resource
2023-04-22 15:07:46,950 [Worker-45: Building] WARN  o.e.m.c.i.embedder.EclipseLogger - Using platform encoding (UTF-8 actually) to copy filtered resources, i.e. build is platform dependent!
2023-04-22 15:07:46,952 [Worker-45: Building] INFO  o.e.m.c.i.embedder.EclipseLogger - skip non existing resourceDirectory D:\alura\java-jpa-avansado-tienda\JPA-con-hibernate-Alura--stage-final\tienda\src\test\resources
2023-04-22 15:08:11,058 [Worker-42: Building] WARN  o.e.m.c.i.embedder.EclipseLogger - Using platform encoding (UTF-8 actually) to copy filtered resources, i.e. build is platform dependent!
2023-04-22 15:08:11,060 [Worker-42: Building] INFO  o.e.m.c.i.embedder.EclipseLogger - Copying 1 resource
2023-04-22 15:08:11,064 [Worker-42: Building] WARN  o.e.m.c.i.embedder.EclipseLogger - Using platform encoding (UTF-8 actually) to copy filtered resources, i.e. build is platform dependent!
2023-04-22 15:08:11,067 [Worker-42: Building] INFO  o.e.m.c.i.embedder.EclipseLogger - skip non existing resourceDirectory D:\alura\java-jpa-avansado-tienda\JPA-con-hibernate-Alura--stage-final\tienda\src\test\resources
2023-04-22 15:10:02,528 [Worker-42: Building] WARN  o.e.m.c.i.embedder.EclipseLogger - Using platform encoding (UTF-8 actually) to copy filtered resources, i.e. build is platform dependent!
2023-04-22 15:10:02,530 [Worker-42: Building] INFO  o.e.m.c.i.embedder.EclipseLogger - Copying 1 resource
2023-04-22 15:10:02,535 [Worker-42: Building] WARN  o.e.m.c.i.embedder.EclipseLogger - Using platform encoding (UTF-8 actually) to copy filtered resources, i.e. build is platform dependent!
2023-04-22 15:10:02,536 [Worker-42: Building] INFO  o.e.m.c.i.embedder.EclipseLogger - skip non existing resourceDirectory D:\alura\java-jpa-avansado-tienda\JPA-con-hibernate-Alura--stage-final\tienda\src\test\resources
2023-04-22 15:20:16,769 [Worker-53: Building] WARN  o.e.m.c.i.embedder.EclipseLogger - Using platform encoding (UTF-8 actually) to copy filtered resources, i.e. build is platform dependent!
2023-04-22 15:20:16,772 [Worker-53: Building] INFO  o.e.m.c.i.embedder.EclipseLogger - Copying 1 resource
2023-04-22 15:20:16,776 [Worker-53: Building] WARN  o.e.m.c.i.embedder.EclipseLogger - Using platform encoding (UTF-8 actually) to copy filtered resources, i.e. build is platform dependent!
2023-04-22 15:20:16,778 [Worker-53: Building] INFO  o.e.m.c.i.embedder.EclipseLogger - skip non existing resourceDirectory D:\alura\java-jpa-avansado-tienda\JPA-con-hibernate-Alura--stage-final\tienda\src\test\resources
2023-04-22 15:20:32,252 [Worker-46: Building] WARN  o.e.m.c.i.embedder.EclipseLogger - Using platform encoding (UTF-8 actually) to copy filtered resources, i.e. build is platform dependent!
2023-04-22 15:20:32,255 [Worker-46: Building] INFO  o.e.m.c.i.embedder.EclipseLogger - Copying 1 resource
2023-04-22 15:20:32,258 [Worker-46: Building] WARN  o.e.m.c.i.embedder.EclipseLogger - Using platform encoding (UTF-8 actually) to copy filtered resources, i.e. build is platform dependent!
2023-04-22 15:20:32,260 [Worker-46: Building] INFO  o.e.m.c.i.embedder.EclipseLogger - skip non existing resourceDirectory D:\alura\java-jpa-avansado-tienda\JPA-con-hibernate-Alura--stage-final\tienda\src\test\resources
2023-04-22 15:22:24,102 [Worker-55: Building] WARN  o.e.m.c.i.embedder.EclipseLogger - Using platform encoding (UTF-8 actually) to copy filtered resources, i.e. build is platform dependent!
2023-04-22 15:22:24,109 [Worker-55: Building] INFO  o.e.m.c.i.embedder.EclipseLogger - Copying 1 resource
2023-04-22 15:22:24,115 [Worker-55: Building] WARN  o.e.m.c.i.embedder.EclipseLogger - Using platform encoding (UTF-8 actually) to copy filtered resources, i.e. build is platform dependent!
2023-04-22 15:22:24,117 [Worker-55: Building] INFO  o.e.m.c.i.embedder.EclipseLogger - skip non existing resourceDirectory D:\alura\java-jpa-avansado-tienda\JPA-con-hibernate-Alura--stage-final\tienda\src\test\resources
2023-04-22 15:23:14,242 [Worker-55: Building] WARN  o.e.m.c.i.embedder.EclipseLogger - Using platform encoding (UTF-8 actually) to copy filtered resources, i.e. build is platform dependent!
2023-04-22 15:23:14,245 [Worker-55: Building] INFO  o.e.m.c.i.embedder.EclipseLogger - Copying 1 resource
2023-04-22 15:23:14,251 [Worker-55: Building] WARN  o.e.m.c.i.embedder.EclipseLogger - Using platform encoding (UTF-8 actually) to copy filtered resources, i.e. build is platform dependent!
2023-04-22 15:23:14,252 [Worker-55: Building] INFO  o.e.m.c.i.embedder.EclipseLogger - skip non existing resourceDirectory D:\alura\java-jpa-avansado-tienda\JPA-con-hibernate-Alura--stage-final\tienda\src\test\resources
2023-04-22 15:23:36,084 [Worker-53: Building] WARN  o.e.m.c.i.embedder.EclipseLogger - Using platform encoding (UTF-8 actually) to copy filtered resources, i.e. build is platform dependent!
2023-04-22 15:23:36,086 [Worker-53: Building] INFO  o.e.m.c.i.embedder.EclipseLogger - Copying 1 resource
2023-04-22 15:23:36,090 [Worker-53: Building] WARN  o.e.m.c.i.embedder.EclipseLogger - Using platform encoding (UTF-8 actually) to copy filtered resources, i.e. build is platform dependent!
2023-04-22 15:23:36,091 [Worker-53: Building] INFO  o.e.m.c.i.embedder.EclipseLogger - skip non existing resourceDirectory D:\alura\java-jpa-avansado-tienda\JPA-con-hibernate-Alura--stage-final\tienda\src\test\resources
2023-04-22 15:40:04,198 [Worker-59: Building] WARN  o.e.m.c.i.embedder.EclipseLogger - Using platform encoding (UTF-8 actually) to copy filtered resources, i.e. build is platform dependent!
2023-04-22 15:40:04,201 [Worker-59: Building] INFO  o.e.m.c.i.embedder.EclipseLogger - Copying 1 resource
2023-04-22 15:40:04,208 [Worker-59: Building] WARN  o.e.m.c.i.embedder.EclipseLogger - Using platform encoding (UTF-8 actually) to copy filtered resources, i.e. build is platform dependent!
2023-04-22 15:40:04,209 [Worker-59: Building] INFO  o.e.m.c.i.embedder.EclipseLogger - skip non existing resourceDirectory D:\alura\java-jpa-avansado-tienda\JPA-con-hibernate-Alura--stage-final\tienda\src\test\resources
2023-04-22 15:52:54,320 [Worker-53: Building] WARN  o.e.m.c.i.embedder.EclipseLogger - Using platform encoding (UTF-8 actually) to copy filtered resources, i.e. build is platform dependent!
2023-04-22 15:52:54,323 [Worker-53: Building] INFO  o.e.m.c.i.embedder.EclipseLogger - Copying 1 resource
2023-04-22 15:52:54,330 [Worker-53: Building] WARN  o.e.m.c.i.embedder.EclipseLogger - Using platform encoding (UTF-8 actually) to copy filtered resources, i.e. build is platform dependent!
2023-04-22 15:52:54,332 [Worker-53: Building] INFO  o.e.m.c.i.embedder.EclipseLogger - skip non existing resourceDirectory D:\alura\java-jpa-avansado-tienda\JPA-con-hibernate-Alura--stage-final\tienda\src\test\resources
2023-04-22 20:26:36,137 [Worker-76: Building] WARN  o.e.m.c.i.embedder.EclipseLogger - Using platform encoding (UTF-8 actually) to copy filtered resources, i.e. build is platform dependent!
2023-04-22 20:26:36,150 [Worker-76: Building] INFO  o.e.m.c.i.embedder.EclipseLogger - Copying 1 resource
2023-04-22 20:26:36,156 [Worker-76: Building] WARN  o.e.m.c.i.embedder.EclipseLogger - Using platform encoding (UTF-8 actually) to copy filtered resources, i.e. build is platform dependent!
2023-04-22 20:26:36,158 [Worker-76: Building] INFO  o.e.m.c.i.embedder.EclipseLogger - skip non existing resourceDirectory D:\alura\java-jpa-avansado-tienda\JPA-con-hibernate-Alura--stage-final\tienda\src\test\resources
2023-04-22 20:29:24,567 [Worker-74: Building] WARN  o.e.m.c.i.embedder.EclipseLogger - Using platform encoding (UTF-8 actually) to copy filtered resources, i.e. build is platform dependent!
2023-04-22 20:29:24,569 [Worker-74: Building] INFO  o.e.m.c.i.embedder.EclipseLogger - Copying 1 resource
2023-04-22 20:29:24,573 [Worker-74: Building] WARN  o.e.m.c.i.embedder.EclipseLogger - Using platform encoding (UTF-8 actually) to copy filtered resources, i.e. build is platform dependent!
2023-04-22 20:29:24,574 [Worker-74: Building] INFO  o.e.m.c.i.embedder.EclipseLogger - skip non existing resourceDirectory D:\alura\java-jpa-avansado-tienda\JPA-con-hibernate-Alura--stage-final\tienda\src\test\resources
2023-04-22 20:29:39,697 [Worker-76: Building] WARN  o.e.m.c.i.embedder.EclipseLogger - Using platform encoding (UTF-8 actually) to copy filtered resources, i.e. build is platform dependent!
2023-04-22 20:29:39,700 [Worker-76: Building] INFO  o.e.m.c.i.embedder.EclipseLogger - Copying 1 resource
2023-04-22 20:29:39,703 [Worker-76: Building] WARN  o.e.m.c.i.embedder.EclipseLogger - Using platform encoding (UTF-8 actually) to copy filtered resources, i.e. build is platform dependent!
2023-04-22 20:29:39,705 [Worker-76: Building] INFO  o.e.m.c.i.embedder.EclipseLogger - skip non existing resourceDirectory D:\alura\java-jpa-avansado-tienda\JPA-con-hibernate-Alura--stage-final\tienda\src\test\resources
2023-04-22 20:38:32,589 [Worker-78: Building] WARN  o.e.m.c.i.embedder.EclipseLogger - Using platform encoding (UTF-8 actually) to copy filtered resources, i.e. build is platform dependent!
2023-04-22 20:38:32,591 [Worker-78: Building] INFO  o.e.m.c.i.embedder.EclipseLogger - Copying 1 resource
2023-04-22 20:38:32,596 [Worker-78: Building] WARN  o.e.m.c.i.embedder.EclipseLogger - Using platform encoding (UTF-8 actually) to copy filtered resources, i.e. build is platform dependent!
2023-04-22 20:38:32,597 [Worker-78: Building] INFO  o.e.m.c.i.embedder.EclipseLogger - skip non existing resourceDirectory D:\alura\java-jpa-avansado-tienda\JPA-con-hibernate-Alura--stage-final\tienda\src\test\resources
2023-04-22 20:39:56,215 [Worker-78: Building] WARN  o.e.m.c.i.embedder.EclipseLogger - Using platform encoding (UTF-8 actually) to copy filtered resources, i.e. build is platform dependent!
2023-04-22 20:39:56,217 [Worker-78: Building] INFO  o.e.m.c.i.embedder.EclipseLogger - Copying 1 resource
2023-04-22 20:39:56,223 [Worker-78: Building] WARN  o.e.m.c.i.embedder.EclipseLogger - Using platform encoding (UTF-8 actually) to copy filtered resources, i.e. build is platform dependent!
2023-04-22 20:39:56,225 [Worker-78: Building] INFO  o.e.m.c.i.embedder.EclipseLogger - skip non existing resourceDirectory D:\alura\java-jpa-avansado-tienda\JPA-con-hibernate-Alura--stage-final\tienda\src\test\resources
2023-04-22 20:42:06,211 [Worker-78: Building] WARN  o.e.m.c.i.embedder.EclipseLogger - Using platform encoding (UTF-8 actually) to copy filtered resources, i.e. build is platform dependent!
2023-04-22 20:42:06,213 [Worker-78: Building] INFO  o.e.m.c.i.embedder.EclipseLogger - Copying 1 resource
2023-04-22 20:42:06,217 [Worker-78: Building] WARN  o.e.m.c.i.embedder.EclipseLogger - Using platform encoding (UTF-8 actually) to copy filtered resources, i.e. build is platform dependent!
2023-04-22 20:42:06,218 [Worker-78: Building] INFO  o.e.m.c.i.embedder.EclipseLogger - skip non existing resourceDirectory D:\alura\java-jpa-avansado-tienda\JPA-con-hibernate-Alura--stage-final\tienda\src\test\resources
2023-04-22 20:42:19,848 [Worker-79: Building] WARN  o.e.m.c.i.embedder.EclipseLogger - Using platform encoding (UTF-8 actually) to copy filtered resources, i.e. build is platform dependent!
2023-04-22 20:42:19,850 [Worker-79: Building] INFO  o.e.m.c.i.embedder.EclipseLogger - Copying 1 resource
2023-04-22 20:42:19,854 [Worker-79: Building] WARN  o.e.m.c.i.embedder.EclipseLogger - Using platform encoding (UTF-8 actually) to copy filtered resources, i.e. build is platform dependent!
2023-04-22 20:42:19,856 [Worker-79: Building] INFO  o.e.m.c.i.embedder.EclipseLogger - skip non existing resourceDirectory D:\alura\java-jpa-avansado-tienda\JPA-con-hibernate-Alura--stage-final\tienda\src\test\resources
